<?xml version="1.0" encoding="UTF-8"?>
<!-- Generated by org.testng.reporters.JUnitReportReporter -->
<testsuite skipped="0" hostname="Rabin" name="com.test.TestApi" tests="5" failures="0" timestamp="23 avr. 2018 00:23:55 GMT" time="0.030" errors="0">
  <testcase name="testPostIdIsIntiger" time="0.015" classname="com.test.TestApi"/>
  <testcase name="testIdIsInteger" time="0.000" classname="com.test.TestApi"/>
  <testcase name="testEmailIsString" time="0.000" classname="com.test.TestApi"/>
  <testcase name="testNameIsString" time="0.000" classname="com.test.TestApi"/>
  <testcase name="testBodyIsString" time="0.015" classname="com.test.TestApi"/>
</testsuite> <!-- com.test.TestApi -->
